<?xml version="1.0" encoding="UTF-8"?>
<!-- Generated by org.testng.reporters.JUnitReportReporter -->
<testsuite hostname="AG-5CG4493YSW" failures="0" tests="2" name="d43_TestNGAnnotations_TypesOfAssertions.AnnotatiosDemo1" time="0.026" errors="0" timestamp="2025-06-25T10:16:37 IST" skipped="0">
  <testcase classname="d43_TestNGAnnotations_TypesOfAssertions.AnnotatiosDemo1" name="search" time="0.021"/>
  <testcase classname="d43_TestNGAnnotations_TypesOfAssertions.AnnotatiosDemo1" name="advancedsearch" time="0.005"/>
</testsuite> <!-- d43_TestNGAnnotations_TypesOfAssertions.AnnotatiosDemo1 -->
