<?xml version="1.0" encoding="UTF-8"?>
<!-- Generated by org.testng.reporters.JUnitReportReporter -->
<testsuite hostname="AG-5CG4493YSW" failures="0" tests="9" name="d45_TestNG_DataProviders_ParallelTesting.ParallelTest" time="0.164" errors="0" timestamp="2025-06-27T11:00:49 IST" skipped="0">
  <testcase classname="d45_TestNG_DataProviders_ParallelTesting.ParallelTest" name="testLogo" time="0.031"/>
  <testcase classname="d45_TestNG_DataProviders_ParallelTesting.ParallelTest" name="testLogo" time="0.049"/>
  <testcase classname="d45_TestNG_DataProviders_ParallelTesting.ParallelTest" name="testLogo" time="0.032"/>
  <testcase classname="d45_TestNG_DataProviders_ParallelTesting.ParallelTest" name="testTitle" time="0.010"/>
  <testcase classname="d45_TestNG_DataProviders_ParallelTesting.ParallelTest" name="testTitle" time="0.009"/>
  <testcase classname="d45_TestNG_DataProviders_ParallelTesting.ParallelTest" name="testTitle" time="0.008"/>
  <testcase classname="d45_TestNG_DataProviders_ParallelTesting.ParallelTest" name="testURL" time="0.006"/>
  <testcase classname="d45_TestNG_DataProviders_ParallelTesting.ParallelTest" name="testURL" time="0.009"/>
  <testcase classname="d45_TestNG_DataProviders_ParallelTesting.ParallelTest" name="testURL" time="0.010"/>
</testsuite> <!-- d45_TestNG_DataProviders_ParallelTesting.ParallelTest -->
