<?xml version="1.0" encoding="UTF-8"?>
<!-- Generated by org.testng.reporters.JUnitReportReporter -->
<testsuite hostname="AG-5CG4493YSW" failures="0" tests="3" name="d42_TestNGIntegration_And_SetUp_TestAnnotations.FirstTestCase" time="0.000" errors="0" timestamp="2025-06-23T14:15:39 IST" skipped="0">
  <testcase classname="d42_TestNGIntegration_And_SetUp_TestAnnotations.FirstTestCase" name="openapp" time="0.000"/>
  <testcase classname="d42_TestNGIntegration_And_SetUp_TestAnnotations.FirstTestCase" name="Login" time="0.000"/>
  <testcase classname="d42_TestNGIntegration_And_SetUp_TestAnnotations.FirstTestCase" name="Logout" time="0.000"/>
</testsuite> <!-- d42_TestNGIntegration_And_SetUp_TestAnnotations.FirstTestCase -->
