<?xml version="1.0" encoding="UTF-8"?>
<!-- Generated by org.testng.reporters.JUnitReportReporter -->
<testsuite hostname="AG-5CG4493YSW" failures="0" tests="3" name="d44_TestNG_DependencyMethods_GroupingTests.SignUpTests" time="0.006" errors="0" timestamp="2025-06-26T10:24:42 IST" skipped="0">
  <testcase classname="d44_TestNG_DependencyMethods_GroupingTests.SignUpTests" name="SignupByEmail" time="0.002"/>
  <testcase classname="d44_TestNG_DependencyMethods_GroupingTests.SignUpTests" name="SignupByFacebook" time="0.002"/>
  <testcase classname="d44_TestNG_DependencyMethods_GroupingTests.SignUpTests" name="SignupByTwitter" time="0.002"/>
</testsuite> <!-- d44_TestNG_DependencyMethods_GroupingTests.SignUpTests -->
