<?xml version="1.0" encoding="UTF-8"?>
<!-- Generated by org.testng.reporters.JUnitReportReporter -->
<testsuite hostname="AG-5CG4493YSW" failures="0" tests="3" name="d44_TestNG_DependencyMethods_GroupingTests.LoginTests" time="0.008" errors="0" timestamp="2025-06-26T10:34:52 IST" skipped="0">
  <testcase classname="d44_TestNG_DependencyMethods_GroupingTests.LoginTests" name="loginByEmail" time="0.006"/>
  <testcase classname="d44_TestNG_DependencyMethods_GroupingTests.LoginTests" name="loginByFacebook" time="0.001"/>
  <testcase classname="d44_TestNG_DependencyMethods_GroupingTests.LoginTests" name="loginByTwitter" time="0.001"/>
</testsuite> <!-- d44_TestNG_DependencyMethods_GroupingTests.LoginTests -->
