<?xml version="1.0" encoding="UTF-8"?>
<!-- Generated by org.testng.reporters.JUnitReportReporter -->
<testsuite hostname="AG-5CG4493YSW" failures="0" tests="4" name="d42_TestNGIntegration_And_SetUp_TestAnnotations.OrangeHRMTest" time="9.373" errors="0" timestamp="2025-06-23T14:15:39 IST" skipped="0">
  <testcase classname="d42_TestNGIntegration_And_SetUp_TestAnnotations.OrangeHRMTest" name="openapp" time="6.010"/>
  <testcase classname="d42_TestNGIntegration_And_SetUp_TestAnnotations.OrangeHRMTest" name="testLogo" time="3.047"/>
  <testcase classname="d42_TestNGIntegration_And_SetUp_TestAnnotations.OrangeHRMTest" name="testlogin" time="0.189"/>
  <testcase classname="d42_TestNGIntegration_And_SetUp_TestAnnotations.OrangeHRMTest" name="testLogout" time="0.127"/>
</testsuite> <!-- d42_TestNGIntegration_And_SetUp_TestAnnotations.OrangeHRMTest -->
