<?xml version="1.0" encoding="UTF-8"?>
<!-- Generated by org.testng.reporters.JUnitReportReporter -->
<testsuite hostname="AG-5CG4493YSW" failures="0" tests="1" name="d47_TestNG_PageObjectModelPattern.LoginTest" time="0.568" errors="0" timestamp="2025-07-05T14:38:33 IST" skipped="0">
  <testcase classname="d47_TestNG_PageObjectModelPattern.LoginTest" name="testLogin" time="0.568"/>
</testsuite> <!-- d47_TestNG_PageObjectModelPattern.LoginTest -->
