<?xml version="1.0" encoding="UTF-8"?>
<!-- Generated by org.testng.reporters.JUnitReportReporter -->
<testsuite hostname="AG-5CG4493YSW" failures="0" tests="2" name="d43_pack.C2" time="0.002" errors="0" timestamp="2025-06-25T10:40:13 IST" skipped="0">
  <testcase classname="d43_pack.C2" name="xyz" time="0.001"/>
  <testcase classname="d43_pack.C2" name="xyz" time="0.001"/>
</testsuite> <!-- d43_pack.C2 -->
