<?xml version="1.0" encoding="UTF-8"?>
<!-- Generated by org.testng.reporters.JUnitReportReporter -->
<testsuite hostname="AG-5CG4493YSW" failures="0" tests="2" name="d43_TestNGAnnotations_TypesOfAssertions.AllAnnotations" time="0.006" errors="0" timestamp="2025-06-25T11:00:14 IST" skipped="0">
  <testcase classname="d43_TestNGAnnotations_TypesOfAssertions.AllAnnotations" name="t1" time="0.004"/>
  <testcase classname="d43_TestNGAnnotations_TypesOfAssertions.AllAnnotations" name="t2" time="0.002"/>
</testsuite> <!-- d43_TestNGAnnotations_TypesOfAssertions.AllAnnotations -->
