<?xml version="1.0" encoding="UTF-8"?>
<!-- Generated by org.testng.reporters.JUnitReportReporter -->
<testsuite hostname="AG-5CG4493YSW" failures="0" tests="2" name="d43_TestNGAnnotations_TypesOfAssertions.AnnotatiosDemo2" time="0.008" errors="0" timestamp="2025-06-25T10:23:11 IST" skipped="0">
  <testcase classname="d43_TestNGAnnotations_TypesOfAssertions.AnnotatiosDemo2" name="search" time="0.006"/>
  <testcase classname="d43_TestNGAnnotations_TypesOfAssertions.AnnotatiosDemo2" name="advancedsearch" time="0.002"/>
</testsuite> <!-- d43_TestNGAnnotations_TypesOfAssertions.AnnotatiosDemo2 -->
