<?xml version="1.0" encoding="UTF-8"?>
<!-- Generated by org.testng.reporters.JUnitReportReporter -->
<testsuite hostname="AG-5CG4493YSW" failures="0" tests="2" name="d44_TestNG_DependencyMethods_GroupingTests.PaymentTests" time="0.010" errors="0" timestamp="2025-06-26T10:32:08 IST" skipped="0">
  <testcase classname="d44_TestNG_DependencyMethods_GroupingTests.PaymentTests" name="PaymentinRupees" time="0.009"/>
  <testcase classname="d44_TestNG_DependencyMethods_GroupingTests.PaymentTests" name="PaymentinDollars" time="0.001"/>
</testsuite> <!-- d44_TestNG_DependencyMethods_GroupingTests.PaymentTests -->
